479106356
479106466
848483736
479139576
848483846
479139686
459072775
459072885
459105995
459106105
545278123
545278233
545311343
848516956
66799100
66799210
66832320
66832430
76765540
222660
222770
255880
255990
39731840
29664039
29664259
29664369
66800640
66800750
925200125
66833860
1
740
66833970
76765650
850
29663929
29664149
40196260
50195370
29699459
840841943
840842053
880574383
880574493
29699569
259840
259950
58883416
58883526
58616615
58616725
30131539
39469447
30131979
39601887
30132419
39734327
30132859
39866767
899314934
909843584
909843694
909876804
909876914
919555553
920306823
953083856
920306933
953083966
665031501
665031611
665064721
77991710
665064831
584991641
584991751
30133299
30133409
585024861
585024971
764622997
920307813
39867537
39867647
794488657
794488767
953117076
953117186
866675415
866675525
925166685
925166795
925200235
509461447
509461667
509461777
509494887
509494997
519428107
925200455
507471815
507471925
507505035
519428217
519461547
519461657
507505145
386912677
386912787
848517066
76767080
899215384
899215494
919555443
899281604
899281714
899314824
76767190
76798760
76798870
76800300
76800410
899183704
899183814
899249924
899250034
77958380
77958490
77991600
92056628
92056738
92090068
92090178
397526259
397526369
497504935
497505045
497538155
497538265
40003937
40004047
40037157
40037267
92357368
92357478
346611494
346611604
346644714
346644824
935137305
935137415
935170525
935170635
2639620
2639730
2672840
2672950
550020941
550021051
550054161
550054271
560086381
560086491
828450155
2674930
550022921
550023031
550056141
550056251
560088361
838451076
838451186
560088471
838453056
838517296
838517406
838550516
838550626
838552166
241563676
241563786
241596896
241597006
251530116
251530226
828484915
828485025
838484135
838484245
838517355
838517465
251563996
251564106
73824068
73824178
73857288
73857398
555140242
555140352
30146279
30146389
764635977
764636087
764669197
764669307
866654075
866654185
784502637
784502747
784535857
784535967
794469077
794469187
30180819
30180929
39652039
39652149
39685259
39685369
40114479
40114589
40147699
40147809
755134397
755134507
755167617
755167727
775000837
775000947
775034057
775034167
387539799
387539909
387573019
387573129
397506239
397506349
617014831
617014941
617048051
617048161
627047271
627047381
627080491
627080601
257904367
257904477
257937587
257937697
251507397
251507507
251540617
251540727
261473837
261473947
261507057
261507167
1209836
1209946
1243056
1243166
11176276
11176386
11209496
11209606
707239911
707240021
707273131
707273241
541220560
541220670
541253780
541253890
551187000
551187110
551220220
551220330
791917900
791918010
791951120
791951230
801884340
801884450
801917560
801917670
6313925
6314035
6347145
6347255
16280365
16280475
16313585
16313695
25946784
25946894
25980004
25980114
535078864
535078974
802513320
802513430
6909685
6909795
6942905
6943015
16876125
16876235
16909345
16909455
26542544
26542654
535356683
535356793
535389903
535390013
26576204
26576314
535951343
535951453
555223563
555223673
555256783
555256893
565190003
565190113
565223223
565223333
565685443
565685553
469139916
545511704
545311453
545280543
545280653
545313763
469238535
545313873
540367238
540367348
540400458
540400568
469140026
469173136
469173246
469175666
479108776
479108886
479141996
479142106
459075195
459075305
459108415
459108525
469240955
469241065
469274175
469274285
147263366
147263476
147296586
147296696
157229806
157229916
157263026
157263136
542115438
542115548
542148658
542148768
43928077
43928187
43961297
43961407
390836377
390836487
390869597
390869707
400802817
400802927
400836037
400836147
350835655
350835765
350868875
350868985
360802095
360802205
360835315
360835425
340768514
340768624
340801734
340801844
54293157
54293267
54326377
54326487
34392456
34392566
34425676
34425786
44358896
44359006
44392116
44392226
500300076
500300186
500333296
500333406
510266516
510266626
510299736
510299846
261990368
261990478
262023588
262023698
271956808
271956918
271990028
271990138
251923227
251923337
251956447
251956557
104500805
104500915
104534025
104534135
114467245
114467355
114500465
114500575
114233664
114233774
114266884
114266994
124200104
124200214
124233324
124233434
371364121
371364231
371397341
371397451
381330561
381330671
381363781
381363891
452274015
452274125
452307235
452307345
462240455
462240565
462273675
462273785
442206874
442206984
442240094
442240204
452173314
452173424
452206534
452206644
363008000
363008110
363041220
363041330
372974440
372974550
373007660
373007770
352940859
352940969
352974079
352974189
362907299
362907409
362940519
362940629
172030776
172030886
172063996
172064106
181997216
181997326
182030436
182030546
366226706
366226816
366259926
366260036
376193146
376193256
376226366
376226476
356159565
356159675
356192785
356192895
366126005
366126115
366159225
366159335
523724080
523724190
523757300
523757410
72972366
72972476
73005586
73005696
82938806
82938916
82972026
82972136
62905225
62905335
62938445
62938555
72871665
72871775
72904885
72904995
545511814
905626023
545544924
545545034
555244563
555244673
555277783
555277893
545514124
905626133
905659243
905659353
555246983
555247093
555280203
545514234
545547344
545547454
550333678
550333788
550366898
550367008
555280313
575429941
575430051
575463161
575463271
585396381
585396491
585429601
585429711
565362800
565362910
565396020
565396130
575329240
575329350
575362460
575362570
894240853
894240963
895659583
895659693
894274073
894274183
895692803
895692913
904207293
904207403
904240513
904240623
884173712
884173822
884206932
884207042
894140152
894140262
894173372
894173482
784100271
784100381
784133491
784133601
794066711
794066821
794099931
794100041
754060760
754060870
754093980
754094090
607072860
607072970
607106080
607106190
617039300
617039410
617072520
617072630
785472180
785472290
785505400
960039263
960039373
960040143
963050296
963050406
960040253
960276643
960276753
960309863
960309973
962831791
962831901
962865011
962865121
963083516
983477619
983477729
983510839
963083626
983510949
993444059
993444169
972931111
972931221
972964331
972964441
993477279
993477389
996266447
996266557
996299667
996299777
289967823540
